**********************
Windows PowerShell トランスクリプト開始
開始時刻: 20211202131509
ユーザー名: NPC-0031\m-yano
RunAs ユーザー: NPC-0031\m-yano
構成名: 
コンピューター: NPC-0031 (Microsoft Windows NT 10.0.19044.0)
ホスト アプリケーション: C:\Windows\System32\WindowsPowerShell\v1.0\powershell.exe
プロセス ID: 3640
PSVersion: 5.1.19041.1320
PSEdition: Desktop
PSCompatibleVersions: 1.0, 2.0, 3.0, 4.0, 5.0, 5.1.19041.1320
BuildVersion: 10.0.19041.1320
CLRVersion: 4.0.30319.42000
WSManStackVersion: 3.0
PSRemotingProtocolVersion: 2.3
SerializationVersion: 1.1.0.1
**********************
トランスクリプトが開始されました。出力ファイル: .\EGO_log\PWSH_Config\20211202_.log
PS C:\Users\m-yano> #初期状態だとprofileを設定してもscriptを実行する権限がないので、適切な権限を付与しましょう `
Set-ExecutionPolicy -ExecutionPolicy RemoteSigned
実行ポリシーの変更
実行ポリシーは、信頼されていないスクリプトからの保護に役立ちます。実行ポリシーを変更すると、about_Execution_Policies のヘルプ トピック (https://go.microsoft.com/fwlink/?LinkID=135170) で説明されているセキュリティ上の危険にさらされる可能性があります。実行ポリシーを変更しますか?
はい(&Y)  すべて続行(&A)  いいえ(&N)  すべて無視(&L)  中断(&S)
Y
PS C:\Users\m-yano> #以下のコマンドで場所が確認できます。`
#表示されたPathの場所にファイルを作成し編集します。`
echo $Profile.AllUsersAllHosts
echo $Profile.AllUsersCurrentHost
echo $Profile.CurrentUserAllHosts
echo $Profile.CurrentUserCurrentHost
C:\Windows\System32\WindowsPowerShell\v1.0\profile.ps1
C:\Windows\System32\WindowsPowerShell\v1.0\Microsoft.PowerShell_profile.ps1
C:\Users\m-yano\Documents\WindowsPowerShell\profile.ps1
C:\Users\m-yano\Documents\WindowsPowerShell\Microsoft.PowerShell_profile.ps1
#"CurrentUserAllHost"で作成
PS C:\Users\m-yano> New-Item $PROFILE.CurrentUserAllHosts


    ディレクトリ: C:\Users\m-yano\Documents\WindowsPowerShell


Mode                 LastWriteTime         Length Name
----                 -------------         ------ ----
-a----        2021/12/02     13:18              0 profile.ps1


PS C:\Users\m-yano> Stop-Transcript
**********************
Windows PowerShell トランスクリプト終了
終了時刻: 20211202131931
**********************
